cl : command line  warning D9035: option 'Gm' has been deprecated and will be removed in a future release
  CFigure.cpp
  FillColorAction.cpp
  BorderColorAction.cpp
  Generating Code...
  Skipping... (no relevant changes detected)
  main.cpp
  CTriangle.cpp
  CSquare.cpp
  CRectangle.cpp
  CHexagon.cpp
  CCircle.cpp
  ApplicationManager.cpp
  SelectionAction.cpp
  AddTriAction.cpp
  AddSqrAction.cpp
  AddRectAction.cpp
  AddHexAction.cpp
  AddCircAction.cpp
  PT-Project.vcxproj -> C:\My PC\Project CMPS102\Phase 2\Phase2 - Code F22\Paint_for_Kids_P2\Debug\PT Project.exe
